version #: 0.1.1008						version #: 0.1.1008
10 0 8888 4							10 0 8888 4
10 0 5555 2							10 0 5555 2
10 1 2222 3							10 1 2222 3
10 0 7777 4						      <
10 2 44 5						      <
10 3 123456 4							10 3 123456 4
21 0.0 0.0 0							21 0.0 0.0 0
22 0 0 0							22 0 0 0
23 0 0 0							23 0 0 0
nn
version #: 0.1.1008						version #: 0.1.1008
21 36.7 0.0 0						      |	21 36.2 0.0 0
22 1 0 0						      |	22 5 0 0
23 1 0 0						      |	23 0 0 0
nn
version #: 0.1.1008						version #: 0.1.1008
21 0.0 6.3 0						      |	21 0.0 -9.9 0
22 0 0 0						      |	22 0 6 0
23 0 1 0						      |	23 0 0 0
nn
version #: 0.1.1008						version #: 0.1.1008
21 0.0 0.0 120						      |	21 0.0 0.0 111
22 0 0 1						      |	22 0 0 4
23 0 0 0							23 0 0 0
nn
version #: 0.1.1008						version #: 0.1.1008
14 17599 1929292 6.3						14 17599 1929292 6.3
14 19012 1929298 1.0						14 19012 1929298 1.0
14 20002 20 0.0							14 20002 20 0.0
14 20003 21 6.3							14 20003 21 6.3
14 20005 19 2.0							14 20005 19 2.0
14 30000 19 1.0							14 30000 19 1.0
14 30001 0 1.1						      <
14 30002 0 1.1						      <
14 30003 0 1.1						      <
14 30004 17 1.1							14 30004 17 1.1
14 30005 0 1.1						      <
14 30006 16 1.3							14 30006 16 1.3
							      >	14 30006 15 1.4
14 30007 14 1.6							14 30007 14 1.6
							      >	14 30007 13 1.8
							      >	14 30007 12 2.0
							      >	14 30007 13 2.2
14 30008 11 2.5							14 30008 11 2.5
21 0.0 0.0 0							21 0.0 0.0 0
22 0 0 0							22 0 0 0
23 0 0 0							23 0 0 0
nn
version #: 0.1.1008						version #: 0.1.1008
15 119388 9999 							15 119388 9999
15 119511 9999 							15 119511 9999
15 120100 9999 							15 120100 9999
15 122200 9999 							15 122200 9999
15 122300 9999 							15 122300 9999
15 122400 9999 							15 122400 9999
15 122500 9999 							15 122500 9999
15 124000 9999 							15 124000 9999
21 0.0 0.0 0							21 0.0 0.0 0
22 0 0 0							22 0 0 0
23 0 0 0							23 0 0 0
nn
version #: 0.1.1008						version #: 0.1.1008
10 0 8888 4							10 0 8888 4
10 0 5555 2							10 0 5555 2
10 1 2222 3							10 1 2222 3
10 0 7777 4						      <
10 2 44 5						      <
10 3 123456 4							10 3 123456 4
14 17599 1929292 2.5						14 17599 1929292 2.5
14 19012 1929298 1.0						14 19012 1929298 1.0
14 20002 20 0.1							14 20002 20 0.1
14 20003 21 2.5							14 20003 21 2.5
14 20005 19 1.4							14 20005 19 1.4
14 30000 19 1.0							14 30000 19 1.0
14 30001 0 1.1						      <
14 30002 0 1.1						      <
14 30003 0 1.1						      <
14 30004 17 1.1							14 30004 17 1.1
14 30005 0 1.1						      <
14 30006 16 1.1							14 30006 16 1.1
							      >	14 30006 15 1.2
14 30007 14 1.3							14 30007 14 1.3
							      >	14 30007 13 1.3
							      >	14 30007 12 1.4
							      >	14 30007 13 1.5
14 30008 11 1.6							14 30008 11 1.6
15 119388 123456 1929292 1929298 20 21 19 19 0 0 0 17 0 16 14 |	15 119388 123456 11 12 13 14 15 16 17 19 20 21 1929292 192929
15 119511 123456 1929292 1929298 20 21 19 19 0 0 0 17 0 16 14 |	15 119511 123456 11 12 13 14 15 16 17 19 20 21 1929292 192929
15 120100 123456 1929292 1929298 20 21 19 19 0 0 0 17 0 16 14 |	15 120100 123456 11 12 13 14 15 16 17 19 20 21 1929292 192929
15 122200 123456 1929292 1929298 20 21 19 19 0 0 0 17 0 16 14 |	15 122200 123456 11 12 13 14 15 16 17 19 20 21 1929292 192929
15 122300 123456 1929292 1929298 20 21 19 19 0 0 0 17 0 16 14 |	15 122300 123456 11 12 13 14 15 16 17 19 20 21 1929292 192929
15 122400 123456 1929292 1929298 20 21 19 19 0 0 0 17 0 16 14 |	15 122400 123456 11 12 13 14 15 16 17 19 20 21 1929292 192929
15 122500 123456 1929292 1929298 20 21 19 19 0 0 0 17 0 16 14 |	15 122500 123456 11 12 13 14 15 16 17 19 20 21 1929292 192929
15 124000 123456 1929292 1929298 20 21 19 19 0 0 0 17 0 16 14 |	15 124000 123456 11 12 13 14 15 16 17 19 20 21 1929292 192929
21 36.0 6.3 120						      |	21 36.0 -9.9 111
22 1 0 1						      |	22 5 6 4
23 1 1 0						      |	23 0 0 0
nn
version #: 0.1.1008						version #: 0.1.1008
information invalide						information invalide
  trx non reconnue : 0						  trx non reconnue : 0
  trx avec ts non sequentiel : 13			      |	  trx avec ts non sequentiel : 3
nn
version #: 0.1.1008						version #: 0.1.1008
information detaillee						information detaillee
  trx 01 : 6						      |	  trx 01 : 8
  trx 02 : 9						      |	  trx 02 : 11
  trx 03 : 6						      |	  trx 03 : 9
  trx 04 : 16						      |	  trx 04 : 20
  trx 05 : 8							  trx 05 : 8
  le dernier ts lu : 124000					  le dernier ts lu : 124000
nn
version #: 0.1.1008						version #: 0.1.1008
information sommaire						information sommaire
  nbr trx valides : 45					      |	  nbr trx valides : 39
  nbr trx (total) : 58					      |	  nbr trx (total) : 61
nn
